<?xml version="1.0" encoding="UTF-8"?>
<testsuites name="fastlane">
  <testsuite name="run">
    
      
      <testcase name="0: Verifying required fastlane version" time="0.000811">
        
      </testcase>
    
      
      <testcase name="1: default_platform" time="0.000269">
        
      </testcase>
    
      
      <testcase name="2: cocoapods" time="117.270639">
        
      </testcase>
    
      
      <testcase name="3: carthage" time="74.965454">
        
      </testcase>
    
      
      <testcase name="4: increment_build_number" time="5.672919">
        
      </testcase>
    
      
      <testcase name="5: sigh" time="11.970616">
        
          <failure message="/Library/Ruby/Gems/2.0.0/gems/fastlane-1.53.0/lib/fastlane/actions/actions_helper.rb:33:in `execute_action'&#10;/Library/Ruby/Gems/2.0.0/gems/fastlane-1.53.0/lib/fastlane/runner.rb:128:in `block in execute_action'&#10;/Library/Ruby/Gems/2.0.0/gems/fastlane-1.53.0/lib/fastlane/runner.rb:127:in `chdir'&#10;/Library/Ruby/Gems/2.0.0/gems/fastlane-1.53.0/lib/fastlane/runner.rb:127:in `execute_action'&#10;/Library/Ruby/Gems/2.0.0/gems/fastlane-1.53.0/lib/fastlane/fast_file.rb:149:in `method_missing'&#10;Fastfile:55:in `block (2 levels) in parsing_binding'&#10;/Library/Ruby/Gems/2.0.0/gems/fastlane-1.53.0/lib/fastlane/lane.rb:36:in `call'&#10;/Library/Ruby/Gems/2.0.0/gems/fastlane-1.53.0/lib/fastlane/lane.rb:36:in `call'&#10;/Library/Ruby/Gems/2.0.0/gems/fastlane-1.53.0/lib/fastlane/runner.rb:52:in `block in execute'&#10;/Library/Ruby/Gems/2.0.0/gems/fastlane-1.53.0/lib/fastlane/runner.rb:46:in `chdir'&#10;/Library/Ruby/Gems/2.0.0/gems/fastlane-1.53.0/lib/fastlane/runner.rb:46:in `execute'&#10;/Library/Ruby/Gems/2.0.0/gems/fastlane-1.53.0/lib/fastlane/lane_manager.rb:46:in `cruise_lane'&#10;/Library/Ruby/Gems/2.0.0/gems/fastlane-1.53.0/lib/fastlane/command_line_handler.rb:30:in `handle'&#10;/Library/Ruby/Gems/2.0.0/gems/fastlane-1.53.0/bin/fastlane:37:in `block (2 levels) in run'&#10;/Library/Ruby/Gems/2.0.0/gems/commander-4.3.7/lib/commander/command.rb:178:in `call'&#10;/Library/Ruby/Gems/2.0.0/gems/commander-4.3.7/lib/commander/command.rb:178:in `call'&#10;/Library/Ruby/Gems/2.0.0/gems/commander-4.3.7/lib/commander/command.rb:153:in `run'&#10;/Library/Ruby/Gems/2.0.0/gems/commander-4.3.7/lib/commander/runner.rb:428:in `run_active_command'&#10;/Library/Ruby/Gems/2.0.0/gems/commander-4.3.7/lib/commander/runner.rb:68:in `run!'&#10;/Library/Ruby/Gems/2.0.0/gems/commander-4.3.7/lib/commander/delegates.rb:15:in `run!'&#10;/Library/Ruby/Gems/2.0.0/gems/fastlane-1.53.0/bin/fastlane:149:in `run'&#10;/Library/Ruby/Gems/2.0.0/gems/fastlane-1.53.0/bin/fastlane:155:in `&lt;top (required)&gt;'&#10;/usr/local/bin/fastlane:23:in `load'&#10;/usr/local/bin/fastlane:23:in `&lt;main&gt;'&#10;&#10;Invalid User Credentials" />
        
      </testcase>
    
      
      <testcase name="6: slack" time="1.518295">
        
          <failure message="/Library/Ruby/Gems/2.0.0/gems/fastlane-1.53.0/lib/fastlane/actions/actions_helper.rb:33:in `execute_action'&#10;/Library/Ruby/Gems/2.0.0/gems/fastlane-1.53.0/lib/fastlane/runner.rb:128:in `block in execute_action'&#10;/Library/Ruby/Gems/2.0.0/gems/fastlane-1.53.0/lib/fastlane/runner.rb:127:in `chdir'&#10;/Library/Ruby/Gems/2.0.0/gems/fastlane-1.53.0/lib/fastlane/runner.rb:127:in `execute_action'&#10;/Library/Ruby/Gems/2.0.0/gems/fastlane-1.53.0/lib/fastlane/fast_file.rb:149:in `method_missing'&#10;Fastfile:91:in `block (2 levels) in parsing_binding'&#10;/Library/Ruby/Gems/2.0.0/gems/fastlane-1.53.0/lib/fastlane/runner.rb:66:in `call'&#10;/Library/Ruby/Gems/2.0.0/gems/fastlane-1.53.0/lib/fastlane/runner.rb:66:in `block in execute'&#10;/Library/Ruby/Gems/2.0.0/gems/fastlane-1.53.0/lib/fastlane/runner.rb:62:in `chdir'&#10;/Library/Ruby/Gems/2.0.0/gems/fastlane-1.53.0/lib/fastlane/runner.rb:62:in `rescue in execute'&#10;/Library/Ruby/Gems/2.0.0/gems/fastlane-1.53.0/lib/fastlane/runner.rb:45:in `execute'&#10;/Library/Ruby/Gems/2.0.0/gems/fastlane-1.53.0/lib/fastlane/lane_manager.rb:46:in `cruise_lane'&#10;/Library/Ruby/Gems/2.0.0/gems/fastlane-1.53.0/lib/fastlane/command_line_handler.rb:30:in `handle'&#10;/Library/Ruby/Gems/2.0.0/gems/fastlane-1.53.0/bin/fastlane:37:in `block (2 levels) in run'&#10;/Library/Ruby/Gems/2.0.0/gems/commander-4.3.7/lib/commander/command.rb:178:in `call'&#10;/Library/Ruby/Gems/2.0.0/gems/commander-4.3.7/lib/commander/command.rb:178:in `call'&#10;/Library/Ruby/Gems/2.0.0/gems/commander-4.3.7/lib/commander/command.rb:153:in `run'&#10;/Library/Ruby/Gems/2.0.0/gems/commander-4.3.7/lib/commander/runner.rb:428:in `run_active_command'&#10;/Library/Ruby/Gems/2.0.0/gems/commander-4.3.7/lib/commander/runner.rb:68:in `run!'&#10;/Library/Ruby/Gems/2.0.0/gems/commander-4.3.7/lib/commander/delegates.rb:15:in `run!'&#10;/Library/Ruby/Gems/2.0.0/gems/fastlane-1.53.0/bin/fastlane:149:in `run'&#10;/Library/Ruby/Gems/2.0.0/gems/fastlane-1.53.0/bin/fastlane:155:in `&lt;top (required)&gt;'&#10;/usr/local/bin/fastlane:23:in `load'&#10;/usr/local/bin/fastlane:23:in `&lt;main&gt;'&#10;&#10;[31mError pushing Slack message, maybe the integration has no permission to post on this channel? Try removing the channel parameter in your Fastfile.[0m" />
        
      </testcase>
    
  </testsuite>
</testsuites>
